-------------------------------------------------------------------------------
Test set: com.challlengers.spring.data.mongodb.AppComponentEnvApplicationTests
-------------------------------------------------------------------------------
Tests run: 1, Failures: 0, Errors: 1, Skipped: 0, Time elapsed: 0.289 s <<< FAILURE! - in com.challlengers.spring.data.mongodb.AppComponentEnvApplicationTests
com.challlengers.spring.data.mongodb.AppComponentEnvApplicationTests  Time elapsed: 0.288 s  <<< ERROR!
java.lang.IllegalStateException: Unable to find a @SpringBootConfiguration, you need to use @ContextConfiguration or @SpringBootTest(classes=...) with your test

