<?xml version="1.0" encoding="UTF-8"?>
<testsuite xmlns:xsi="http://www.w3.org/2001/XMLSchema-instance" xsi:noNamespaceSchemaLocation="https://maven.apache.org/surefire/maven-surefire-plugin/xsd/surefire-test-report.xsd" name="com.challlengers.spring.data.mongodb.AppComponentEnvApplicationTests" time="0.289" tests="1" errors="1" skipped="0" failures="0">
  <properties>
[...]
</properties>
  <testcase name="com.challlengers.spring.data.mongodb.AppComponentEnvApplicationTests" classname="com.challlengers.spring.data.mongodb.AppComponentEnvApplicationTests" time="0.288">
    <error message="Unable to find a @SpringBootConfiguration, you need to use @ContextConfiguration or @SpringBootTest(classes=...) with your test" type="java.lang.IllegalStateException">java.lang.IllegalStateException: Unable to find a @SpringBootConfiguration, you need to use @ContextConfiguration or @SpringBootTest(classes=...) with your test
</error>
    <system-out><![CDATA[11:10:30.406 [main] DEBUG org.springframework.test.context.BootstrapUtils - Instantiating CacheAwareContextLoaderDelegate from class [org.springframework.test.context.cache.DefaultCacheAwareContextLoaderDelegate]
11:10:30.417 [main] DEBUG org.springframework.test.context.BootstrapUtils - Instantiating BootstrapContext using constructor [public org.springframework.test.context.support.DefaultBootstrapContext(java.lang.Class,org.springframework.test.context.CacheAwareContextLoaderDelegate)]
11:10:30.461 [main] DEBUG org.springframework.test.context.BootstrapUtils - Instantiating TestContextBootstrapper for test class [com.challlengers.spring.data.mongodb.AppComponentEnvApplicationTests] from class [org.springframework.boot.test.context.SpringBootTestContextBootstrapper]
11:10:30.473 [main] INFO org.springframework.boot.test.context.SpringBootTestContextBootstrapper - Neither @ContextConfiguration nor @ContextHierarchy found for test class [com.challlengers.spring.data.mongodb.AppComponentEnvApplicationTests], using SpringBootContextLoader
11:10:30.476 [main] DEBUG org.springframework.test.context.support.AbstractContextLoader - Did not detect default resource location for test class [com.challlengers.spring.data.mongodb.AppComponentEnvApplicationTests]: class path resource [com/challlengers/spring/data/mongodb/AppComponentEnvApplicationTests-context.xml] does not exist
11:10:30.477 [main] DEBUG org.springframework.test.context.support.AbstractContextLoader - Did not detect default resource location for test class [com.challlengers.spring.data.mongodb.AppComponentEnvApplicationTests]: class path resource [com/challlengers/spring/data/mongodb/AppComponentEnvApplicationTestsContext.groovy] does not exist
11:10:30.477 [main] INFO org.springframework.test.context.support.AbstractContextLoader - Could not detect default resource locations for test class [com.challlengers.spring.data.mongodb.AppComponentEnvApplicationTests]: no resource found for suffixes {-context.xml, Context.groovy}.
11:10:30.478 [main] INFO org.springframework.test.context.support.AnnotationConfigContextLoaderUtils - Could not detect default configuration classes for test class [com.challlengers.spring.data.mongodb.AppComponentEnvApplicationTests]: AppComponentEnvApplicationTests does not declare any static, non-private, non-final, nested classes annotated with @Configuration.
11:10:30.529 [main] DEBUG org.springframework.test.context.support.ActiveProfilesUtils - Could not find an 'annotation declaring class' for annotation type [org.springframework.test.context.ActiveProfiles] and class [com.challlengers.spring.data.mongodb.AppComponentEnvApplicationTests]
]]></system-out>
  </testcase>
</testsuite>